[2026-04-15 15:25:30,157][fairseq_cli.train][INFO] - {'_name': None, 'common': {'_name': None, 'no_progress_bar': False, 'log_interval': 100, 'log_format': 'json', 'log_file': None, 'aim_repo': None, 'aim_run_hash': None, 'tensorboard_logdir': 'tb', 'wandb_project': None, 'azureml_logging': False, 'seed': 0, 'cpu': False, 'tpu': False, 'bf16': False, 'memory_efficient_bf16': False, 'fp16': False, 'memory_efficient_fp16': False, 'fp16_no_flatten_grads': True, 'fp16_init_scale': 128, 'fp16_scale_window': None, 'fp16_scale_tolerance': 0.0, 'on_cpu_convert_precision': False, 'min_loss_scale': 0.0001, 'threshold_loss_scale': None, 'amp': False, 'amp_batch_retries': 2, 'amp_init_scale': 128, 'amp_scale_window': None, 'user_dir': '/home/ajegetina/wav2vec_unsupervised/fairseq_/examples/wav2vec/unsupervised', 'empty_cache_freq': 0, 'all_gather_list_size': 16384, 'model_parallel_size': 1, 'quantization_config_path': None, 'profile': False, 'reset_logging': False, 'suppress_crashes': False, 'use_plasma_view': False, 'plasma_path': '/tmp/plasma'}, 'common_eval': {'_name': None, 'path': None, 'post_process': None, 'quiet': False, 'model_overrides': '{}', 'results_path': None}, 'distributed_training': {'_name': None, 'distributed_world_size': 1, 'distributed_num_procs': 1, 'distributed_rank': 0, 'distributed_backend': 'nccl', 'distributed_init_method': None, 'distributed_port': -1, 'device_id': 0, 'distributed_no_spawn': False, 'ddp_backend': 'pytorch_ddp', 'ddp_comm_hook': 'none', 'bucket_cap_mb': 25, 'fix_batches_to_gpus': False, 'find_unused_parameters': False, 'gradient_as_bucket_view': False, 'fast_stat_sync': False, 'heartbeat_timeout': -1, 'broadcast_buffers': False, 'slowmo_momentum': None, 'slowmo_base_algorithm': 'localsgd', 'localsgd_frequency': 3, 'nprocs_per_node': 1, 'pipeline_model_parallel': False, 'pipeline_balance': None, 'pipeline_devices': None, 'pipeline_chunks': 0, 'pipeline_encoder_balance': None, 'pipeline_encoder_devices': None, 'pipeline_decoder_balance': None, 'pipeline_decoder_devices': None, 'pipeline_checkpoint': 'never', 'zero_sharding': 'none', 'fp16': False, 'memory_efficient_fp16': False, 'tpu': False, 'no_reshard_after_forward': False, 'fp32_reduce_scatter': False, 'cpu_offload': False, 'use_sharded_state': False, 'not_fsdp_flatten_parameters': False}, 'dataset': {'_name': None, 'num_workers': 6, 'skip_invalid_size_inputs_valid_test': True, 'max_tokens': None, 'batch_size': 160, 'required_batch_size_multiple': 8, 'required_seq_len_multiple': 1, 'dataset_impl': None, 'data_buffer_size': 10, 'train_subset': 'train', 'valid_subset': 'valid', 'combine_valid_subsets': None, 'ignore_unused_valid_subsets': False, 'validate_interval': 1000, 'validate_interval_updates': 1000, 'validate_after_updates': 0, 'fixed_validation_seed': None, 'disable_validation': False, 'max_tokens_valid': None, 'batch_size_valid': 160, 'max_valid_steps': None, 'curriculum': 0, 'gen_subset': 'test', 'num_shards': 1, 'shard_id': 0, 'grouped_shuffling': False, 'update_epoch_batch_itr': False, 'update_ordered_indices_seed': False}, 'optimization': {'_name': None, 'max_epoch': 0, 'max_update': 150000, 'stop_time_hours': 0.0, 'clip_norm': 5.0, 'sentence_avg': False, 'update_freq': [1], 'lr': [0.0], 'stop_min_lr': -1.0, 'use_bmuf': False, 'skip_remainder_batch': False, 'debug_param_names': False}, 'checkpoint': {'_name': None, 'save_dir': '.', 'restore_file': 'checkpoint_last.pt', 'continue_once': None, 'finetune_from_model': None, 'reset_dataloader': False, 'reset_lr_scheduler': False, 'reset_meters': False, 'reset_optimizer': False, 'optimizer_overrides': '{}', 'save_interval': 1000, 'save_interval_updates': 1000, 'keep_interval_updates': -1, 'keep_interval_updates_pattern': -1, 'keep_last_epochs': -1, 'keep_best_checkpoints': -1, 'no_save': False, 'no_epoch_checkpoints': True, 'no_last_checkpoints': False, 'no_save_optimizer_state': False, 'best_checkpoint_metric': 'weighted_lm_ppl', 'maximize_best_checkpoint_metric': False, 'patience': -1, 'checkpoint_suffix': '', 'checkpoint_shard_count': 1, 'load_checkpoint_on_all_dp_ranks': False, 'write_checkpoints_asynchronously': False, 'model_parallel_size': 1}, 'bmuf': {'_name': None, 'block_lr': 1.0, 'block_momentum': 0.875, 'global_sync_iter': 50, 'warmup_iterations': 500, 'use_nbm': False, 'average_sync': False, 'distributed_world_size': 1}, 'generation': {'_name': None, 'beam': 5, 'beam_mt': 0, 'nbest': 1, 'max_len_a': 0.0, 'max_len_b': 200, 'max_len_a_mt': 0.0, 'max_len_b_mt': 200, 'min_len': 1, 'match_source_len': False, 'unnormalized': False, 'no_early_stop': False, 'no_beamable_mm': False, 'lenpen': 1.0, 'lenpen_mt': 1.0, 'unkpen': 0.0, 'replace_unk': None, 'sacrebleu': False, 'score_reference': False, 'prefix_size': 0, 'no_repeat_ngram_size': 0, 'sampling': False, 'sampling_topk': -1, 'sampling_topp': -1.0, 'constraints': None, 'temperature': 1.0, 'diverse_beam_groups': -1, 'diverse_beam_strength': 0.5, 'diversity_rate': -1.0, 'print_alignment': None, 'print_step': False, 'lm_path': None, 'lm_weight': 0.0, 'iter_decode_eos_penalty': 0.0, 'iter_decode_max_iter': 10, 'iter_decode_force_max_iter': False, 'iter_decode_with_beam': 1, 'iter_decode_with_external_reranker': False, 'retain_iter_history': False, 'retain_dropout': False, 'retain_dropout_modules': None, 'decoding_format': None, 'no_seed_provided': False, 'eos_token': None}, 'eval_lm': {'_name': None, 'output_word_probs': False, 'output_word_stats': False, 'context_window': 0, 'softmax_batch': 9223372036854775807}, 'interactive': {'_name': None, 'buffer_size': 0, 'input': '-'}, 'model': {'_name': 'wav2vec_u', 'discriminator_kernel': 6, 'discriminator_dilation': 1, 'discriminator_dim': 384, 'discriminator_causal': True, 'discriminator_linear_emb': False, 'discriminator_depth': 2, 'discriminator_max_pool': False, 'discriminator_act_after_linear': False, 'discriminator_dropout': 0.0, 'discriminator_spectral_norm': False, 'discriminator_weight_norm': False, 'generator_kernel': 4, 'generator_dilation': 1, 'generator_stride': 1, 'generator_pad': -1, 'generator_bias': False, 'generator_dropout': 0.1, 'generator_batch_norm': 0, 'generator_residual': False, 'blank_weight': 0.0, 'blank_mode': 'add', 'blank_is_sil': False, 'no_softmax': False, 'smoothness_weight': 1.5, 'smoothing': 0.0, 'smoothing_one_sided': False, 'gradient_penalty': 0.5, 'probabilistic_grad_penalty_slicing': False, 'code_penalty': 6.0, 'mmi_weight': 0.0, 'target_dim': 64, 'target_downsample_rate': 2, 'gumbel': False, 'hard_gumbel': False, 'temp': [2.0, 0.1, 0.99995], 'input_dim': 512, 'segmentation': {'_name': None, 'type': <SegmentationType.JOIN: 5>, 'subsample_rate': 0.25, 'mean_pool': True, 'mean_pool_join': False, 'remove_zeros': False}}, 'task': {'_name': 'unpaired_audio_text', 'data': '/home/ajegetina/wav2vec_unsupervised/data/clustering/librispeech/precompute_pca512_cls128_mean_pooled', 'text_data': '/home/ajegetina/wav2vec_unsupervised/data/text/phones/', 'max_length': None, 'labels': 'phn', 'aux_target_postfix': None, 'unfiltered': False, 'ctc_eval': False, 'sort_by_length': False, 'shuffle': True, 'append_eos': False, 'uppercase': False, 'skipwords': '', 'kenlm_path': '/home/ajegetina/wav2vec_unsupervised/data/text/phones/lm.phones.filtered.04.bin', 'vocab_usage_power': 2.0, 'word_decoder_config': None, 'word_kenlm_path': None, 'decoding_config': {'_name': None, 'kenlm_path': None, 'lm_weight': 0.0, 'blank_weight': 0.0}}, 'criterion': {'_name': 'model', 'loss_weights': {}, 'log_keys': ['accuracy_dense', 'accuracy_token', 'temp', 'code_ppl'], 'can_sum': True}, 'optimizer': {'_name': 'composite', 'groups': {'generator': {'lr': [0.0004], 'lr_float': None, 'optimizer': {'_name': 'adam', 'adam_betas': [0.5, 0.98], 'adam_eps': 1e-06, 'weight_decay': 0, 'lr': [4e-05]}, 'lr_scheduler': {'_name': 'fixed', 'warmup_updates': 0}}, 'discriminator': {'lr': [0.0005], 'lr_float': None, 'optimizer': {'_name': 'adam', 'adam_betas': [0.5, 0.98], 'adam_eps': 1e-06, 'weight_decay': 0.0001, 'lr': [2e-05]}, 'lr_scheduler': {'_name': 'fixed', 'warmup_updates': 0}}}, 'dynamic_groups': False}, 'lr_scheduler': {'_name': 'pass_through'}, 'scoring': None, 'bpe': None, 'tokenizer': None, 'ema': {'_name': None, 'store_ema': False, 'ema_decay': 0.9999, 'ema_start_update': 0, 'ema_seed_model': None, 'ema_update_freq': 1, 'ema_fp32': False}, 'job_logging_cfg': {'version': 1, 'formatters': {'simple': {'format': '[%(asctime)s][%(name)s][%(levelname)s] - %(message)s'}}, 'handlers': {'console': {'class': 'logging.StreamHandler', 'formatter': 'simple', 'stream': 'ext://sys.stdout'}, 'file': {'class': 'logging.FileHandler', 'formatter': 'simple', 'filename': 'hydra_train.log'}}, 'root': {'level': 'INFO', 'handlers': ['console', 'file']}, 'disable_existing_loggers': False}}
[2026-04-15 15:25:30,206][fairseq_cli.train][INFO] - Wav2vec_U(
  (discriminator): Discriminator(
    (net): Sequential(
      (0): Conv1d(44, 384, kernel_size=(6,), stride=(1,), padding=(5,))
      (1): SamePad()
      (2): Dropout(p=0.0, inplace=False)
      (3): Sequential(
        (0): Conv1d(384, 384, kernel_size=(6,), stride=(1,), padding=(5,))
        (1): SamePad()
        (2): Dropout(p=0.0, inplace=False)
        (3): GELU(approximate='none')
      )
      (4): Conv1d(384, 1, kernel_size=(6,), stride=(1,), padding=(5,))
      (5): SamePad()
    )
  )
  (segmenter): JoinSegmenter()
  (generator): Generator(
    (dropout): Dropout(p=0.1, inplace=False)
    (proj): Sequential(
      (0): TransposeLast()
      (1): Conv1d(512, 44, kernel_size=(4,), stride=(1,), padding=(2,), bias=False)
      (2): TransposeLast()
    )
  )
)
[2026-04-15 15:25:30,207][fairseq_cli.train][INFO] - task: UnpairedAudioText
[2026-04-15 15:25:30,208][fairseq_cli.train][INFO] - model: Wav2vec_U
[2026-04-15 15:25:30,208][fairseq_cli.train][INFO] - criterion: ModelCriterion
[2026-04-15 15:25:30,208][fairseq_cli.train][INFO] - num. shared model params: 1,079,297 (num. trained: 1,079,297)
[2026-04-15 15:25:30,208][fairseq_cli.train][INFO] - num. expert model params: 0 (num. trained: 0)
[2026-04-15 15:25:30,214][unsupervised.data.extracted_features_dataset][INFO] - loaded 500, skipped 0 samples
[2026-04-15 15:25:30,214][unsupervised.tasks.unpaired_audio_text][INFO] - split valid has unpaired text? False
[2026-04-15 15:25:30,367][fairseq.utils][INFO] - ***********************CUDA enviroments for all 1 workers***********************
[2026-04-15 15:25:30,367][fairseq.utils][INFO] - rank   0: capabilities =  7.5  ; total memory = 3.629 GB ; name = NVIDIA GeForce GTX 1650                 
[2026-04-15 15:25:30,367][fairseq.utils][INFO] - ***********************CUDA enviroments for all 1 workers***********************
[2026-04-15 15:25:30,368][fairseq_cli.train][INFO] - training on 1 devices (GPUs/TPUs)
[2026-04-15 15:25:30,368][fairseq_cli.train][INFO] - max tokens per device = None and max sentences per device = 160
[2026-04-15 15:25:30,369][fairseq.trainer][INFO] - Preparing to load checkpoint ./checkpoint_last.pt
[2026-04-15 15:25:30,369][fairseq.trainer][INFO] - No existing checkpoint found ./checkpoint_last.pt
[2026-04-15 15:25:30,369][fairseq.trainer][INFO] - loading train data for epoch 1
[2026-04-15 15:25:30,371][unsupervised.data.extracted_features_dataset][INFO] - loaded 1500, skipped 0 samples
[2026-04-15 15:25:30,371][unsupervised.tasks.unpaired_audio_text][INFO] - split train has unpaired text? True
[2026-04-15 15:25:30,380][fairseq.data.data_utils][INFO] - loaded 17,578 examples from: /home/ajegetina/wav2vec_unsupervised/data/text/phones/train
[2026-04-15 15:25:30,382][fairseq.tasks.fairseq_task][INFO] - can_reuse_epoch_itr = True
[2026-04-15 15:25:30,382][fairseq.tasks.fairseq_task][INFO] - reuse_dataloader = True
[2026-04-15 15:25:30,382][fairseq.tasks.fairseq_task][INFO] - rebuild_batches = False
[2026-04-15 15:25:30,382][fairseq.tasks.fairseq_task][INFO] - creating new batches for epoch 1
[2026-04-15 15:25:30,604][fairseq.trainer][INFO] - NOTE: your device may support faster training with --fp16 or --amp
[2026-04-15 15:25:31,233][fairseq.optim.composite][INFO] - Optimizers for different groups are as below
[2026-04-15 15:25:31,233][fairseq.optim.composite][INFO] - Group : discriminator:{'_name': 'adam', 'adam_betas': [0.5, 0.98], 'adam_eps': 1e-06, 'weight_decay': 0.0001, 'lr': [2e-05]}
[2026-04-15 15:25:31,233][fairseq.optim.composite][INFO] - Group : generator:{'_name': 'adam', 'adam_betas': [0.5, 0.98], 'adam_eps': 1e-06, 'weight_decay': 0, 'lr': [4e-05]}
[2026-04-15 15:25:31,235][fairseq_cli.train][INFO] - begin dry-run validation on "valid" subset
[2026-04-15 15:25:31,236][fairseq.tasks.fairseq_task][INFO] - can_reuse_epoch_itr = True
[2026-04-15 15:25:31,236][fairseq.tasks.fairseq_task][INFO] - reuse_dataloader = True
[2026-04-15 15:25:31,236][fairseq.tasks.fairseq_task][INFO] - rebuild_batches = False
[2026-04-15 15:25:31,236][fairseq.tasks.fairseq_task][INFO] - creating new batches for epoch 1
[2026-04-15 15:25:31,854][fairseq.data.iterators][INFO] - grouped total_num_itrs = 10
[2026-04-15 15:25:31,861][fairseq.trainer][INFO] - begin training epoch 1
[2026-04-15 15:25:31,862][fairseq_cli.train][INFO] - Start iterating over samples
[2026-04-15 15:25:38,971][fairseq_cli.train][INFO] - end of epoch 1 (average epoch stats below)
[2026-04-15 15:25:38,978][train][INFO] - {"epoch": 1, "train_loss": "27.449", "train_ntokens": "149.6", "train_nsentences": "149.6", "train_sample_size": "149.6", "train_temp": "2", "train_code_ppl": "4.529", "train_loss_code_pen": "0.01", "train_loss_smoothness": "30.328", "train_loss_dense_g": "0.689", "train_lm_score_sum": 0.0, "train_num_pred_chars": 0.0, "train_loss_grad_pen": "21.953", "train_loss_dense_d": "0.697", "train_loss_token_d": "0.687", "train_wps": "285.7", "train_ups": "1.92", "train_wpb": "149.6", "train_bsz": "149.6", "train_num_updates": "10", "train_lr_discriminator": "2e-05", "train_lr_generator": "4e-05", "train_gnorm": "67.444", "train_clip": "50", "train_train_wall": "6", "train_gb_free": "2.2", "train_wall": "9"}
[2026-04-15 15:25:38,982][fairseq.tasks.fairseq_task][INFO] - can_reuse_epoch_itr = True
[2026-04-15 15:25:39,035][fairseq.data.iterators][INFO] - grouped total_num_itrs = 10
[2026-04-15 15:25:39,041][fairseq.trainer][INFO] - begin training epoch 2
[2026-04-15 15:25:39,042][fairseq_cli.train][INFO] - Start iterating over samples
[2026-04-15 15:25:46,559][fairseq_cli.train][INFO] - end of epoch 2 (average epoch stats below)
[2026-04-15 15:25:46,563][train][INFO] - {"epoch": 2, "train_loss": "25.454", "train_ntokens": "149.6", "train_nsentences": "149.6", "train_sample_size": "149.6", "train_temp": "1.999", "train_code_ppl": "4.539", "train_loss_code_pen": "0.009", "train_loss_smoothness": "27.234", "train_loss_dense_g": "0.69", "train_lm_score_sum": 0.0, "train_num_pred_chars": 0.0, "train_loss_grad_pen": "21.916", "train_loss_dense_d": "0.696", "train_loss_token_d": "0.686", "train_wps": "197.3", "train_ups": "1.32", "train_wpb": "149.6", "train_bsz": "149.6", "train_num_updates": "20", "train_lr_discriminator": "2e-05", "train_lr_generator": "4e-05", "train_gnorm": "59.655", "train_clip": "50", "train_train_wall": "5", "train_gb_free": "2.5", "train_wall": "16"}
[2026-04-15 15:25:46,565][fairseq.tasks.fairseq_task][INFO] - can_reuse_epoch_itr = True
[2026-04-15 15:25:46,620][fairseq.data.iterators][INFO] - grouped total_num_itrs = 10
[2026-04-15 15:25:46,625][fairseq.trainer][INFO] - begin training epoch 3
[2026-04-15 15:25:46,626][fairseq_cli.train][INFO] - Start iterating over samples
